[debug] [2021-06-21T12:33:38.543Z] ----------------------------------------------------------------------
[debug] [2021-06-21T12:33:38.543Z] Command:       C:\Program Files\nodejs\node.exe C:\Users\Evgen\AppData\Roaming\npm\node_modules\firebase-tools\lib\bin\firebase.js init
[debug] [2021-06-21T12:33:38.543Z] CLI Version:   9.11.0
[debug] [2021-06-21T12:33:38.543Z] Platform:      win32
[debug] [2021-06-21T12:33:38.543Z] Node Version:  v12.18.3
[debug] [2021-06-21T12:33:38.551Z] Time:          Mon Jun 21 2021 15:33:38 GMT+0300 (GMT+03:00)
[debug] [2021-06-21T12:33:38.551Z] ----------------------------------------------------------------------
[debug] 
[debug] [2021-06-21T12:33:38.571Z] > command requires scopes: ["email","openid","https://www.googleapis.com/auth/cloudplatformprojects.readonly","https://www.googleapis.com/auth/firebase","https://www.googleapis.com/auth/cloud-platform"]
[debug] [2021-06-21T12:33:38.571Z] > authorizing via signed-in user (chebaturochka.web.director@gmail.com)
[info] 
     ######## #### ########  ######## ########     ###     ######  ########
     ##        ##  ##     ## ##       ##     ##  ##   ##  ##       ##
     ######    ##  ########  ######   ########  #########  ######  ######
     ##        ##  ##    ##  ##       ##     ## ##     ##       ## ##
     ##       #### ##     ## ######## ########  ##     ##  ######  ########

You're about to initialize a Firebase project in this directory:

  D:\работа\chebaturochka

Before we get started, keep in mind:

  * You are initializing in an existing Firebase project directory

[info] 
=== Project Setup
[info] 
[info] First, let's associate this project directory with a Firebase project.
[info] You can create multiple project aliases by running firebase use --add, 
[info] but for now we'll just set up a default project.
[info] 
[info] i  .firebaserc already has a default project, using chebaturochka-b0fe3. 
[debug] [2021-06-21T12:33:45.683Z] > refreshing access token with scopes: []
[debug] [2021-06-21T12:33:45.683Z] >>> HTTP REQUEST POST https://www.googleapis.com/oauth2/v3/token  
 <request body omitted>
[debug] [2021-06-21T12:33:46.254Z] <<< HTTP RESPONSE 200 {"date":"Mon, 21 Jun 2021 12:33:46 GMT","pragma":"no-cache","expires":"Mon, 01 Jan 1990 00:00:00 GMT","cache-control":"no-cache, no-store, max-age=0, must-revalidate","content-type":"application/json; charset=utf-8","vary":"X-Origin, Referer, Origin,Accept-Encoding","server":"scaffolding on HTTPServer2","x-xss-protection":"0","x-frame-options":"SAMEORIGIN","x-content-type-options":"nosniff","alt-svc":"h3=\":443\"; ma=2592000,h3-29=\":443\"; ma=2592000,h3-T051=\":443\"; ma=2592000,h3-Q050=\":443\"; ma=2592000,h3-Q046=\":443\"; ma=2592000,h3-Q043=\":443\"; ma=2592000,quic=\":443\"; ma=2592000; v=\"46,43\"","accept-ranges":"none","transfer-encoding":"chunked"}
[debug] [2021-06-21T12:33:46.278Z] >>> [apiv2][query] GET https://firebase.googleapis.com/v1beta1/projects/chebaturochka-b0fe3 [none]
[debug] [2021-06-21T12:33:47.802Z] <<< [apiv2][status] GET https://firebase.googleapis.com/v1beta1/projects/chebaturochka-b0fe3 200
[debug] [2021-06-21T12:33:47.802Z] <<< [apiv2][body] GET https://firebase.googleapis.com/v1beta1/projects/chebaturochka-b0fe3 {"projectId":"chebaturochka-b0fe3","projectNumber":"293863058190","displayName":"Chebaturochka","name":"projects/chebaturochka-b0fe3","resources":{"hostingSite":"chebaturochka-b0fe3","storageBucket":"chebaturochka-b0fe3.appspot.com","locationId":"europe-west"},"state":"ACTIVE"}
[info] 
=== Hosting Setup
[info] 
[info] Your public directory is the folder (relative to your project directory) that
[info] will contain Hosting assets to be uploaded with firebase deploy. If you
[info] have a build process for your assets, use your build's output directory.
[info] 
[debug] [2021-06-21T12:33:56.619Z] >>> [apiv2][query] GET https://www.gstatic.com/firebasejs/releases.json [none]
[debug] [2021-06-21T12:33:58.245Z] <<< [apiv2][status] GET https://www.gstatic.com/firebasejs/releases.json 200
[debug] [2021-06-21T12:33:58.245Z] <<< [apiv2][body] GET https://www.gstatic.com/firebasejs/releases.json {"current":{"version":"8.6.8","browserURL":"https://www.gstatic.com/firebasejs/8.6.8/firebase.js","packageURL":"https://www.gstatic.com/firebasejs/8.6.8/firebase.tgz"},"live":{"version":"8.6","browserURL":"https://www.gstatic.com/firebasejs/live/8.6/firebase.js","packageURL":"https://www.gstatic.com/firebasejs/live/8.6/firebase.tgz"},"components":{"analytics":"https://www.gstatic.com/firebasejs/8.6.8/firebase-analytics.js","app":"https://www.gstatic.com/firebasejs/8.6.8/firebase-app.js","app-check":"https://www.gstatic.com/firebasejs/8.6.8/firebase-app-check.js","auth":"https://www.gstatic.com/firebasejs/8.6.8/firebase-auth.js","database":"https://www.gstatic.com/firebasejs/8.6.8/firebase-database.js","firestore":"https://www.gstatic.com/firebasejs/8.6.8/firebase-firestore.js","functions":"https://www.gstatic.com/firebasejs/8.6.8/firebase-functions.js","installations":"https://www.gstatic.com/firebasejs/8.6.8/firebase-installations.js","messaging":"https://www.gstatic.com/firebasejs/8.6.8/firebase-messaging.js","storage":"https://www.gstatic.com/firebasejs/8.6.8/firebase-storage.js","performance":"https://www.gstatic.com/firebasejs/8.6.8/firebase-performance.js","remote-config":"https://www.gstatic.com/firebasejs/8.6.8/firebase-remote-config.js","firestore.memory":"https://www.gstatic.com/firebasejs/8.6.8/firebase-firestore.memory.js"}}
[info] +  Wrote build/index.html 
[info] 
[info] i  Detected a .git folder at D:\работа\chebaturochka 
[info] i  Authorizing with GitHub to upload your service account to a GitHub repository's secrets store. 
[info] 
[info] Visit this URL on this device to log in:
[info] https://github.com/login/oauth/authorize?client_id=89cf50f02ac6aaed3484&state=444964028&redirect_uri=http%3A%2F%2Flocalhost%3A9005&scope=read%3Auser%20repo%20public_repo
[info] 
[info] Waiting for authentication...
[debug] [2021-06-21T12:34:02.521Z] >>> HTTP REQUEST POST https://github.com/login/oauth/access_token  
 {"client_id":"89cf50f02ac6aaed3484","client_secret":"3330d14abc895d9a74d5f17cd7a00711fa2c5bf0","code":"35097e1256b49d38b818","redirect_uri":"http://localhost:9005","state":"444964028"}
[debug] [2021-06-21T12:34:04.260Z] <<< HTTP RESPONSE 200 {"server":"GitHub.com","date":"Mon, 21 Jun 2021 12:34:04 GMT","content-type":"application/json; charset=utf-8","transfer-encoding":"chunked","vary":"X-PJAX, Accept-Encoding, Accept, X-Requested-With","permissions-policy":"interest-cohort=()","etag":"W/\"4e9d4e4162e843cbbd1c695e07ad9b5a\"","cache-control":"max-age=0, private, must-revalidate","strict-transport-security":"max-age=31536000; includeSubdomains; preload","x-frame-options":"deny","x-content-type-options":"nosniff","x-xss-protection":"0","referrer-policy":"origin-when-cross-origin, strict-origin-when-cross-origin","expect-ct":"max-age=2592000, report-uri=\"https://api.github.com/_private/browser/errors\"","content-security-policy":"default-src 'none'; base-uri 'self'; block-all-mixed-content; connect-src 'self' uploads.github.com www.githubstatus.com collector.githubapp.com api.github.com github-cloud.s3.amazonaws.com github-production-repository-file-5c1aeb.s3.amazonaws.com github-production-upload-manifest-file-7fdce7.s3.amazonaws.com github-production-user-asset-6210df.s3.amazonaws.com cdn.optimizely.com logx.optimizely.com/v1/events translator.github.com wss://alive.github.com; font-src github.githubassets.com; form-action 'self' github.com gist.github.com; frame-ancestors 'none'; frame-src render.githubusercontent.com; img-src 'self' data: github.githubassets.com identicons.github.com collector.githubapp.com github-cloud.s3.amazonaws.com secured-user-images.githubusercontent.com/ *.githubusercontent.com; manifest-src 'self'; media-src 'none'; script-src github.githubassets.com; style-src 'unsafe-inline' github.githubassets.com; worker-src github.com/socket-worker-3f088aa2.js gist.github.com/socket-worker-3f088aa2.js","x-github-request-id":"C59E:FF07:926188F:96078B7:60D0873B"}
[debug] [2021-06-21T12:34:04.276Z] >>> [apiv2][query] GET https://api.github.com/user [none]
[debug] [2021-06-21T12:34:04.620Z] <<< [apiv2][status] GET https://api.github.com/user 200
[debug] [2021-06-21T12:34:04.620Z] <<< [apiv2][body] GET https://api.github.com/user {"login":"EvgenPro1","id":62563704,"node_id":"MDQ6VXNlcjYyNTYzNzA0","avatar_url":"https://avatars.githubusercontent.com/u/62563704?v=4","gravatar_id":"","url":"https://api.github.com/users/EvgenPro1","html_url":"https://github.com/EvgenPro1","followers_url":"https://api.github.com/users/EvgenPro1/followers","following_url":"https://api.github.com/users/EvgenPro1/following{/other_user}","gists_url":"https://api.github.com/users/EvgenPro1/gists{/gist_id}","starred_url":"https://api.github.com/users/EvgenPro1/starred{/owner}{/repo}","subscriptions_url":"https://api.github.com/users/EvgenPro1/subscriptions","organizations_url":"https://api.github.com/users/EvgenPro1/orgs","repos_url":"https://api.github.com/users/EvgenPro1/repos","events_url":"https://api.github.com/users/EvgenPro1/events{/privacy}","received_events_url":"https://api.github.com/users/EvgenPro1/received_events","type":"User","site_admin":false,"name":null,"company":null,"blog":"","location":null,"email":null,"hireable":null,"bio":null,"twitter_username":null,"public_repos":6,"public_gists":0,"followers":0,"following":0,"created_at":"2020-03-23T17:18:30Z","updated_at":"2021-06-07T16:50:01Z","private_gists":0,"total_private_repos":2,"owned_private_repos":2,"disk_usage":3729,"collaborators":0,"two_factor_authentication":false,"plan":{"name":"free","space":976562499,"collaborators":0,"private_repos":10000}}
[info] 
[info] +  Success! Logged into GitHub as EvgenPro1 
[info] 
[debug] [2021-06-21T12:36:47.428Z] >>> [apiv2][query] GET https://api.github.com/repos/EvgenPro1/actions/secrets/public-key type=owner
[debug] [2021-06-21T12:36:48.222Z] <<< [apiv2][status] GET https://api.github.com/repos/EvgenPro1/actions/secrets/public-key 404
[debug] [2021-06-21T12:36:48.222Z] <<< [apiv2][body] GET https://api.github.com/repos/EvgenPro1/actions/secrets/public-key {"message":"Not Found","documentation_url":"https://docs.github.com/rest"}
[debug] [2021-06-21T12:37:13.234Z] >>> [apiv2][query] GET https://api.github.com/repos/EvgenPro1/https://github.com/EvgenPro1/chebaturochka/actions/secrets/public-key type=owner
[debug] [2021-06-21T12:37:13.584Z] <<< [apiv2][status] GET https://api.github.com/repos/EvgenPro1/https://github.com/EvgenPro1/chebaturochka/actions/secrets/public-key 404
[debug] [2021-06-21T12:37:13.584Z] <<< [apiv2][body] GET https://api.github.com/repos/EvgenPro1/https://github.com/EvgenPro1/chebaturochka/actions/secrets/public-key {"message":"Not Found","documentation_url":"https://docs.github.com/rest"}
